#
# There is insufficient memory for the Java Runtime Environment to continue.
# Native memory allocation (malloc) failed to allocate 459376 bytes for Chunk::new
# Possible reasons:
#   The system is out of physical RAM or swap space
#   The process is running with CompressedOops enabled, and the Java Heap may be blocking the growth of the native heap
# Possible solutions:
#   Reduce memory load on the system
#   Increase physical memory or swap space
#   Check if swap backing store is full
#   Decrease Java heap size (-Xmx/-Xms)
#   Decrease number of Java threads
#   Decrease Java thread stack sizes (-Xss)
#   Set larger code cache with -XX:ReservedCodeCacheSize=
#   JVM is running with Unscaled Compressed Oops mode in which the Java heap is
#     placed in the first 4GB address space. The Java Heap base address is the
#     maximum limit for the native heap growth. Please use -XX:HeapBaseMinAddress
#     to set the Java Heap base and to place the Java Heap above 4GB virtual address.
# This output file may be truncated or incomplete.
#
#  Out of Memory Error (allocation.cpp:389), pid=2668, tid=0x0000000000001e24
#
# JRE version: OpenJDK Runtime Environment (8.0_242-b01) (build 1.8.0_242-release-1644-b01)
# Java VM: OpenJDK 64-Bit Server VM (25.242-b01 mixed mode windows-amd64 compressed oops)
# Failed to write core dump. Minidumps are not enabled by default on client versions of Windows
#

---------------  T H R E A D  ---------------

Current thread (0x00000000194bb000):  JavaThread "C2 CompilerThread0" daemon [_thread_in_native, id=7716, stack(0x000000001aa20000,0x000000001ab20000)]

Stack: [0x000000001aa20000,0x000000001ab20000]
[error occurred during error reporting (printing stack bounds), id 0xc0000005]

Native frames: (J=compiled Java code, j=interpreted, Vv=VM code, C=native code)


Current CompileTask:
C2:6636646 29662       4       com.android.tools.r8.graph.t0::c (177 bytes)


---------------  P R O C E S S  ---------------

Java Threads: ( => current thread )
  0x000000002375d000 JavaThread "WorkerExecutor Queue Thread 32" [_thread_blocked, id=472, stack(0x000000002cd90000,0x000000002ce90000)]
  0x0000000023886000 JavaThread "WorkerExecutor Queue Thread 31" [_thread_blocked, id=9848, stack(0x0000000028630000,0x0000000028730000)]
  0x0000000023883800 JavaThread "RMI TCP Connection(19)-127.0.0.1" daemon [_thread_in_native, id=5404, stack(0x000000002a7f0000,0x000000002a8f0000)]
  0x0000000023880800 JavaThread "WorkerExecutor Queue Thread 30" [_thread_blocked, id=10276, stack(0x0000000028530000,0x0000000028630000)]
  0x0000000023886800 JavaThread "WorkerExecutor Queue Thread 29" [_thread_in_native, id=5540, stack(0x0000000028430000,0x0000000028530000)]
  0x0000000020c48800 JavaThread "WorkerExecutor Queue Thread 28" [_thread_blocked, id=11432, stack(0x000000002fb60000,0x000000002fc60000)]
  0x0000000020c47000 JavaThread "RMI TCP Connection(20)-127.0.0.1" daemon [_thread_in_native, id=10892, stack(0x000000002fa60000,0x000000002fb60000)]
  0x0000000020c49800 JavaThread "stdout" [_thread_in_native, id=6384, stack(0x00000000313c0000,0x00000000314c0000)]
  0x0000000020c46800 JavaThread "stderr" [_thread_in_native, id=11148, stack(0x00000000312c0000,0x00000000313c0000)]
  0x0000000020c3f000 JavaThread "stdout" [_thread_in_native, id=6552, stack(0x00000000311c0000,0x00000000312c0000)]
  0x0000000020c45800 JavaThread "stderr" [_thread_in_native, id=3360, stack(0x00000000310c0000,0x00000000311c0000)]
  0x0000000020c3e000 JavaThread "stdout" [_thread_in_native, id=424, stack(0x0000000030fc0000,0x00000000310c0000)]
  0x0000000020c45000 JavaThread "stderr" [_thread_in_native, id=11956, stack(0x0000000030ec0000,0x0000000030fc0000)]
  0x0000000020c3d000 JavaThread "stdout" [_thread_in_native, id=2608, stack(0x0000000030dc0000,0x0000000030ec0000)]
  0x0000000020c44000 JavaThread "stderr" [_thread_in_native, id=11548, stack(0x0000000030cc0000,0x0000000030dc0000)]
  0x0000000020c43800 JavaThread "stdout" [_thread_in_native, id=12672, stack(0x0000000030bc0000,0x0000000030cc0000)]
  0x0000000020c3b800 JavaThread "stderr" [_thread_in_native, id=9060, stack(0x0000000030ac0000,0x0000000030bc0000)]
  0x0000000020c3c800 JavaThread "stdout" [_thread_in_native, id=8888, stack(0x00000000309c0000,0x0000000030ac0000)]
  0x0000000020c42000 JavaThread "stderr" [_thread_in_native, id=2640, stack(0x00000000308c0000,0x00000000309c0000)]
  0x0000000020c3f800 JavaThread "stdout" [_thread_in_native, id=10044, stack(0x00000000307c0000,0x00000000308c0000)]
  0x0000000020c42800 JavaThread "stderr" [_thread_in_native, id=12620, stack(0x00000000306c0000,0x00000000307c0000)]
  0x0000000020c41000 JavaThread "stdout" [_thread_in_native, id=9356, stack(0x00000000305c0000,0x00000000306c0000)]
  0x0000000020c40800 JavaThread "stderr" [_thread_in_native, id=12480, stack(0x0000000030060000,0x0000000030160000)]
  0x000000002375c000 JavaThread "pool-7-thread-1" [_thread_blocked, id=13172, stack(0x000000002e490000,0x000000002e590000)]
  0x000000001d27e800 JavaThread "WorkerExecutor Queue Thread 27" [_thread_blocked, id=6588, stack(0x000000002e290000,0x000000002e390000)]
  0x000000001d27a800 JavaThread "WorkerExecutor Queue Thread 25" [_thread_blocked, id=272, stack(0x000000002cb50000,0x000000002cc50000)]
  0x000000001c191000 JavaThread "WorkerExecutor Queue Thread 24" [_thread_blocked, id=8340, stack(0x000000002a5f0000,0x000000002a6f0000)]
  0x000000001c194800 JavaThread "WorkerExecutor Queue Thread 23" [_thread_blocked, id=11852, stack(0x000000002a4f0000,0x000000002a5f0000)]
  0x000000001d27c000 JavaThread "Exec process Thread 9" daemon [_thread_blocked, id=4900, stack(0x00000000304c0000,0x00000000305c0000)]
  0x000000002375f000 JavaThread "Exec process Thread 8" daemon [_thread_blocked, id=9656, stack(0x00000000303c0000,0x00000000304c0000)]
  0x000000001f4f1000 JavaThread "Exec process Thread 7" daemon [_thread_blocked, id=12224, stack(0x000000002ff60000,0x0000000030060000)]
  0x000000001f4f4800 JavaThread "RMI TCP Connection(idle)" daemon [_thread_blocked, id=10856, stack(0x0000000030160000,0x0000000030260000)]
  0x000000001c19a800 JavaThread "RMI TCP Connection(idle)" daemon [_thread_blocked, id=11400, stack(0x000000002f960000,0x000000002fa60000)]
  0x000000001c199000 JavaThread "RMI Reaper" [_thread_blocked, id=9172, stack(0x000000002f860000,0x000000002f960000)]
  0x000000001c19a000 JavaThread "GC Daemon" daemon [_thread_blocked, id=2224, stack(0x000000002fe60000,0x000000002ff60000)]
  0x000000001c193000 JavaThread "Cache worker for Java compile cache (D:\Android\ArmsLockerMVVM\.gradle\6.1.1\javaCompile)" [_thread_blocked, id=2456, stack(0x000000002e590000,0x000000002e690000)]
  0x000000002376a800 JavaThread "ForkJoinPool.commonPool-worker-2" daemon [_thread_blocked, id=12452, stack(0x000000002e090000,0x000000002e190000)]
  0x0000000023769800 JavaThread "ForkJoinPool.commonPool-worker-9" daemon [_thread_blocked, id=11376, stack(0x000000002df90000,0x000000002e090000)]
  0x0000000023769000 JavaThread "ForkJoinPool.commonPool-worker-0" daemon [_thread_blocked, id=9404, stack(0x000000002de90000,0x000000002df90000)]
  0x0000000023768000 JavaThread "ForkJoinPool.commonPool-worker-14" daemon [_thread_blocked, id=9020, stack(0x000000002dc90000,0x000000002dd90000)]
  0x0000000023760800 JavaThread "Exec process Thread 6" daemon [_thread_blocked, id=2796, stack(0x000000002db90000,0x000000002dc90000)]
  0x0000000023767800 JavaThread "Exec process Thread 5" daemon [_thread_blocked, id=3136, stack(0x000000002da90000,0x000000002db90000)]
  0x0000000023766800 JavaThread "Exec process Thread 4" daemon [_thread_blocked, id=7404, stack(0x000000002d990000,0x000000002da90000)]
  0x0000000023766000 JavaThread "Exec process Thread 3" daemon [_thread_blocked, id=9196, stack(0x000000002d200000,0x000000002d300000)]
  0x0000000023765000 JavaThread "Exec process Thread 2" daemon [_thread_blocked, id=5532, stack(0x000000002d100000,0x000000002d200000)]
  0x0000000023764800 JavaThread "Exec process" daemon [_thread_blocked, id=13300, stack(0x000000002cc90000,0x000000002cd90000)]
  0x0000000023763800 JavaThread "ForkJoinPool.commonPool-worker-12" daemon [_thread_blocked, id=7776, stack(0x000000002cf00000,0x000000002d000000)]
  0x000000001f4ea000 JavaThread "Cache worker for execution history cache (D:\Android\ArmsLockerMVVM\.gradle\6.1.1\executionHistory)" [_thread_blocked, id=9692, stack(0x000000002a2f0000,0x000000002a3f0000)]
  0x000000001f4ef800 JavaThread "Execution worker for ':' Thread 11" [_thread_in_native, id=4932, stack(0x000000002a1f0000,0x000000002a2f0000)]
  0x000000001f4ee800 JavaThread "Execution worker for ':' Thread 10" [_thread_in_Java, id=3784, stack(0x0000000029bf0000,0x0000000029cf0000)]
  0x000000001f4e7000 JavaThread "Execution worker for ':' Thread 9" [_thread_in_native, id=3232, stack(0x0000000029af0000,0x0000000029bf0000)]
  0x000000001f4e8800 JavaThread "Execution worker for ':' Thread 8" [_thread_in_Java, id=6480, stack(0x00000000299f0000,0x0000000029af0000)]
  0x000000001f4ec800 JavaThread "Execution worker for ':' Thread 7" [_thread_in_Java, id=3620, stack(0x00000000298f0000,0x00000000299f0000)]
  0x000000001f4eb800 JavaThread "Execution worker for ':' Thread 6" [_thread_in_Java, id=12108, stack(0x00000000297f0000,0x00000000298f0000)]
  0x000000001f4ee000 JavaThread "Execution worker for ':' Thread 5" [_thread_in_Java, id=9648, stack(0x0000000028a50000,0x0000000028b50000)]
  0x000000001f4e7800 JavaThread "Execution worker for ':' Thread 4" [_thread_blocked, id=8520, stack(0x0000000028950000,0x0000000028a50000)]
  0x000000001f4e6000 JavaThread "Execution worker for ':' Thread 3" [_thread_blocked, id=9000, stack(0x0000000028850000,0x0000000028950000)]
  0x000000001ff05000 JavaThread "Execution worker for ':' Thread 2" [_thread_blocked, id=11012, stack(0x0000000028750000,0x0000000028850000)]
  0x000000001ff06800 JavaThread "Execution worker for ':'" [_thread_in_Java, id=13180, stack(0x0000000028130000,0x0000000028230000)]
  0x000000001ff03800 JavaThread "Cache worker for file content cache (D:\Android\ArmsLockerMVVM\.gradle\6.1.1\fileContent)" [_thread_blocked, id=5836, stack(0x0000000027a30000,0x0000000027b30000)]
  0x000000001ff07800 JavaThread "Cache worker for Build Output Cleanup Cache (D:\Android\ArmsLockerMVVM\.gradle\buildOutputCleanup)" [_thread_blocked, id=624, stack(0x00000000250b0000,0x00000000251b0000)]
  0x000000001ff03000 JavaThread "Build operations Thread 12" [_thread_blocked, id=3616, stack(0x0000000024fb0000,0x00000000250b0000)]
  0x000000001fefa800 JavaThread "Build operations Thread 11" [_thread_blocked, id=9796, stack(0x0000000024db0000,0x0000000024eb0000)]
  0x000000001fefd000 JavaThread "Build operations Thread 10" [_thread_blocked, id=10832, stack(0x0000000024cb0000,0x0000000024db0000)]
  0x000000001ff01800 JavaThread "Build operations Thread 9" [_thread_blocked, id=7804, stack(0x0000000024bb0000,0x0000000024cb0000)]
  0x000000001ff00800 JavaThread "Build operations Thread 8" [_thread_blocked, id=5712, stack(0x0000000024ab0000,0x0000000024bb0000)]
  0x000000001fefd800 JavaThread "Build operations Thread 7" [_thread_blocked, id=9420, stack(0x00000000249b0000,0x0000000024ab0000)]
  0x000000001fef9000 JavaThread "Build operations Thread 6" [_thread_blocked, id=11380, stack(0x00000000248b0000,0x00000000249b0000)]
  0x000000001fefb800 JavaThread "Build operations Thread 5" [_thread_blocked, id=10676, stack(0x00000000247b0000,0x00000000248b0000)]
  0x000000001ff00000 JavaThread "Build operations Thread 4" [_thread_blocked, id=2388, stack(0x00000000246b0000,0x00000000247b0000)]
  0x000000001fefe800 JavaThread "Build operations Thread 3" [_thread_blocked, id=4928, stack(0x00000000245b0000,0x00000000246b0000)]
  0x000000001feff000 JavaThread "Build operations Thread 2" [_thread_blocked, id=9952, stack(0x00000000244b0000,0x00000000245b0000)]
  0x000000001d541800 JavaThread "Build operations" [_thread_blocked, id=9576, stack(0x0000000024110000,0x0000000024210000)]
  0x000000001d540000 JavaThread "Cache worker for cache directory md-rule (C:\Users\Administrator\.gradle\caches\6.1.1\md-rule)" [_thread_blocked, id=2244, stack(0x0000000022540000,0x0000000022640000)]
  0x000000001d53f000 JavaThread "Cache worker for cache directory md-supplier (C:\Users\Administrator\.gradle\caches\6.1.1\md-supplier)" [_thread_blocked, id=11476, stack(0x0000000021210000,0x0000000021310000)]
  0x000000001d540800 JavaThread "Cache worker for file hash cache (D:\Android\ArmsLockerMVVM\.gradle\6.1.1\fileHashes)" [_thread_blocked, id=10460, stack(0x0000000021110000,0x0000000021210000)]
  0x000000001d534000 JavaThread "Cache worker for checksums cache (D:\Android\ArmsLockerMVVM\.gradle\checksums)" [_thread_blocked, id=3512, stack(0x000000001e570000,0x000000001e670000)]
  0x000000001d53a800 JavaThread "Thread-135" [_thread_blocked, id=6036, stack(0x000000001e270000,0x000000001e370000)]
  0x000000001d533000 JavaThread "Stdin handler" [_thread_blocked, id=1864, stack(0x000000001e170000,0x000000001e270000)]
  0x000000001d53a000 JavaThread "Asynchronous log dispatcher for DefaultDaemonConnection: socket connection from /127.0.0.1:6456 to /127.0.0.1:10885" [_thread_blocked, id=11480, stack(0x000000001de70000,0x000000001df70000)]
  0x000000001d532800 JavaThread "Daemon worker Thread 3" [_thread_in_vm, id=2944, stack(0x000000001dd70000,0x000000001de70000)]
  0x000000001d538800 JavaThread "Cancel handler" [_thread_blocked, id=8896, stack(0x0000000000b80000,0x0000000000c80000)]
  0x000000001d537800 JavaThread "Handler for socket connection from /127.0.0.1:6456 to /127.0.0.1:10885" [_thread_in_native, id=10540, stack(0x0000000000a80000,0x0000000000b80000)]
  0x000000001d539000 JavaThread "Daemon Thread 3" [_thread_blocked, id=8792, stack(0x0000000000980000,0x0000000000a80000)]
  0x000000001c197800 JavaThread "Cache worker for Java compile cache (C:\Users\Administrator\.gradle\caches\6.1.1\javaCompile)" [_thread_blocked, id=9532, stack(0x000000002a6f0000,0x000000002a7f0000)]
  0x000000001c198800 JavaThread "RMI TCP Accept-0" daemon [_thread_in_native, id=12924, stack(0x000000002a3f0000,0x000000002a4f0000)]
  0x000000001c18e800 JavaThread "RMI Scheduler(0)" daemon [_thread_blocked, id=1644, stack(0x000000002a0f0000,0x000000002a1f0000)]
  0x000000001d53d000 JavaThread "Cache worker for file content cache (C:\Users\Administrator\.gradle\caches\6.1.1\fileContent)" [_thread_blocked, id=8576, stack(0x00000000264b0000,0x00000000265b0000)]
  0x000000001d53c000 JavaThread "Memory manager" [_thread_blocked, id=12756, stack(0x00000000263b0000,0x00000000264b0000)]
  0x000000001d27d000 JavaThread "Cache worker for execution history cache (C:\Users\Administrator\.gradle\caches\6.1.1\executionHistory)" [_thread_blocked, id=11180, stack(0x0000000022640000,0x0000000022740000)]
  0x000000001d27a000 JavaThread "Cache worker for file hash cache (C:\Users\Administrator\.gradle\caches\6.1.1\fileHashes)" [_thread_blocked, id=8904, stack(0x000000001ea70000,0x000000001eb70000)]
  0x000000001d27f000 JavaThread "File lock request listener" [_thread_in_native, id=9324, stack(0x000000001e970000,0x000000001ea70000)]
  0x000000001d294000 JavaThread "Cache worker for journal cache (C:\Users\Administrator\.gradle\caches\journal-1)" [_thread_blocked, id=8244, stack(0x000000001e870000,0x000000001e970000)]
  0x000000001d12a000 JavaThread "Daemon periodic checks" [_thread_blocked, id=6276, stack(0x000000001dc70000,0x000000001dd70000)]
  0x000000001d0bc800 JavaThread "Incoming local TCP Connector on port 6456" [_thread_in_native, id=10024, stack(0x000000001dac0000,0x000000001dbc0000)]
  0x000000001bd53000 JavaThread "Daemon health stats" [_thread_blocked, id=4108, stack(0x000000001d9c0000,0x000000001dac0000)]
  0x00000000195b8000 JavaThread "Service Thread" daemon [_thread_blocked, id=9028, stack(0x000000001ae20000,0x000000001af20000)]
  0x0000000019528000 JavaThread "C1 CompilerThread3" daemon [_thread_blocked, id=10684, stack(0x000000001ad20000,0x000000001ae20000)]
  0x0000000019527000 JavaThread "C2 CompilerThread2" daemon [_thread_in_native, id=11752, stack(0x000000001ac20000,0x000000001ad20000)]
  0x0000000019517000 JavaThread "C2 CompilerThread1" daemon [_thread_in_native, id=13064, stack(0x000000001ab20000,0x000000001ac20000)]
=>0x00000000194bb000 JavaThread "C2 CompilerThread0" daemon [_thread_in_native, id=7716, stack(0x000000001aa20000,0x000000001ab20000)]
  0x00000000194b6800 JavaThread "Attach Listener" daemon [_thread_blocked, id=9032, stack(0x000000001a920000,0x000000001aa20000)]
  0x0000000019515000 JavaThread "Signal Dispatcher" daemon [_thread_blocked, id=6820, stack(0x000000001a820000,0x000000001a920000)]
  0x0000000017dc2800 JavaThread "Finalizer" daemon [_thread_blocked, id=2168, stack(0x000000001a720000,0x000000001a820000)]
  0x00000000194a3000 JavaThread "Reference Handler" daemon [_thread_blocked, id=12660, stack(0x000000001a620000,0x000000001a720000)]
  0x0000000002a4e800 JavaThread "main" [_thread_blocked, id=12952, stack(0x0000000002850000,0x0000000002950000)]

Other Threads:
  0x0000000017db5800 VMThread [stack: 0x000000001a520000,0x000000001a620000] [id=11756]
  0x000000001957a000 WatcherThread [stack: 0x000000001af20000,0x000000001b020000] [id=9180]

VM state:not at safepoint (normal execution)

VM Mutex/Monitor currently owned by a thread: None

OutOfMemory and StackOverflow Exception counts:
OutOfMemoryError java_heap_errors=1

heap address: 0x0000000080000000, size: 2048 MB, Compressed Oops mode: 32-bit
Narrow klass base: 0x0000000000000000, Narrow klass shift: 3
Compressed class space size: 1073741824 Address: 0x0000000100000000

Heap:
 PSYoungGen      total 477184K, used 412558K [0x00000000d5580000, 0x00000000fe400000, 0x0000000100000000)
  eden space 346112K, 83% used [0x00000000d5580000,0x00000000e6ff4b98,0x00000000ea780000)
  from space 131072K, 94% used [0x00000000f3980000,0x00000000fb1eed80,0x00000000fb980000)
  to   space 149504K, 0% used [0x00000000ea780000,0x00000000ea780000,0x00000000f3980000)
 ParOldGen       total 419840K, used 128981K [0x0000000080000000, 0x0000000099a00000, 0x00000000d5580000)
  object space 419840K, 30% used [0x0000000080000000,0x0000000087df57f8,0x0000000099a00000)
 Metaspace       used 146030K, capacity 154033K, committed 154152K, reserved 1183744K
  class space    used 18094K, capacity 19643K, committed 19760K, reserved 1048576K

Card table byte_map: [0x0000000011f10000,0x0000000012320000] byte_map_base: 0x0000000011b10000

Marking Bits: (ParMarkBitMap*) 0x00000000693af030
 Begin Bits: [0x0000000012fd0000, 0x0000000014fd0000)
 End Bits:   [0x0000000014fd0000, 0x0000000016fd0000)

Polling page: 0x0000000000910000

CodeCache: size=245760Kb used=80744Kb max_used=80754Kb free=165016Kb
 bounds [0x0000000002b50000, 0x0000000007aa0000, 0x0000000011b50000]
 total_blobs=24833 nmethods=23812 adapters=932
 compilation: enabled

Compilation events (10 events):
Event: 6636.642 Thread 0x0000000019528000 nmethod 29742 0x0000000006968710 code [0x00000000069688c0, 0x0000000006968cc8]
Event: 6636.642 Thread 0x0000000019528000 29750       2       com.android.tools.r8.u.b.h0::<init> (82 bytes)
Event: 6636.643 Thread 0x0000000019528000 nmethod 29750 0x000000000696a850 code [0x000000000696aa00, 0x000000000696adc8]
Event: 6636.643 Thread 0x0000000019528000 29748       2       com.android.tools.r8.u.b.H::<init> (6 bytes)
Event: 6636.643 Thread 0x0000000019528000 nmethod 29748 0x0000000006968390 code [0x0000000006968500, 0x0000000006968688]
Event: 6636.643 Thread 0x0000000019528000 29710       2       com.android.tools.r8.ir.optimize.l$$Lambda$1295/1349740203::<init> (26 bytes)
Event: 6636.643 Thread 0x0000000019528000 nmethod 29710 0x000000000696a4d0 code [0x000000000696a620, 0x000000000696a7b0]
Event: 6636.643 Thread 0x0000000019528000 29737       2       com.android.tools.r8.ir.conversion.y::b (18 bytes)
Event: 6636.644 Thread 0x0000000019528000 nmethod 29737 0x000000000696a110 code [0x000000000696a280, 0x000000000696a408]
Event: 6636.644 Thread 0x0000000019528000 29738       2       com.android.tools.r8.ir.conversion.y::a (28 bytes)

GC Heap History (10 events):
Event: 6612.197 GC heap before
{Heap before GC invocations=27 (full 5):
 PSYoungGen      total 398848K, used 398614K [0x00000000d5580000, 0x00000000f4780000, 0x0000000100000000)
  eden space 354304K, 100% used [0x00000000d5580000,0x00000000eaf80000,0x00000000eaf80000)
  from space 44544K, 99% used [0x00000000eba00000,0x00000000ee545a68,0x00000000ee580000)
  to   space 77824K, 0% used [0x00000000efb80000,0x00000000efb80000,0x00000000f4780000)
 ParOldGen       total 419840K, used 53781K [0x0000000080000000, 0x0000000099a00000, 0x00000000d5580000)
  object space 419840K, 12% used [0x0000000080000000,0x00000000834854d8,0x0000000099a00000)
 Metaspace       used 118994K, capacity 125824K, committed 127272K, reserved 1159168K
  class space    used 15333K, capacity 16688K, committed 16944K, reserved 1048576K
Event: 6612.266 GC heap after
Heap after GC invocations=27 (full 5):
 PSYoungGen      total 421888K, used 69044K [0x00000000d5580000, 0x00000000f4f80000, 0x0000000100000000)
  eden space 344064K, 0% used [0x00000000d5580000,0x00000000d5580000,0x00000000ea580000)
  from space 77824K, 88% used [0x00000000efb80000,0x00000000f3eed338,0x00000000f4780000)
  to   space 87040K, 0% used [0x00000000ea580000,0x00000000ea580000,0x00000000efa80000)
 ParOldGen       total 419840K, used 53789K [0x0000000080000000, 0x0000000099a00000, 0x00000000d5580000)
  object space 419840K, 12% used [0x0000000080000000,0x00000000834874d8,0x0000000099a00000)
 Metaspace       used 118994K, capacity 125824K, committed 127272K, reserved 1159168K
  class space    used 15333K, capacity 16688K, committed 16944K, reserved 1048576K
}
Event: 6620.246 GC heap before
{Heap before GC invocations=28 (full 5):
 PSYoungGen      total 421888K, used 413089K [0x00000000d5580000, 0x00000000f4f80000, 0x0000000100000000)
  eden space 344064K, 99% used [0x00000000d5580000,0x00000000ea57b388,0x00000000ea580000)
  from space 77824K, 88% used [0x00000000efb80000,0x00000000f3eed338,0x00000000f4780000)
  to   space 87040K, 0% used [0x00000000ea580000,0x00000000ea580000,0x00000000efa80000)
 ParOldGen       total 419840K, used 53789K [0x0000000080000000, 0x0000000099a00000, 0x00000000d5580000)
  object space 419840K, 12% used [0x0000000080000000,0x00000000834874d8,0x0000000099a00000)
 Metaspace       used 123442K, capacity 130378K, committed 131496K, reserved 1163264K
  class space    used 15743K, capacity 17133K, committed 17328K, reserved 1048576K
Event: 6620.277 GC heap after
Heap after GC invocations=28 (full 5):
 PSYoungGen      total 383488K, used 48866K [0x00000000d5580000, 0x00000000f4600000, 0x0000000100000000)
  eden space 334336K, 0% used [0x00000000d5580000,0x00000000d5580000,0x00000000e9c00000)
  from space 49152K, 99% used [0x00000000ea580000,0x00000000ed538bd0,0x00000000ed580000)
  to   space 87040K, 0% used [0x00000000ef100000,0x00000000ef100000,0x00000000f4600000)
 ParOldGen       total 419840K, used 53797K [0x0000000080000000, 0x0000000099a00000, 0x00000000d5580000)
  object space 419840K, 12% used [0x0000000080000000,0x00000000834894d8,0x0000000099a00000)
 Metaspace       used 123442K, capacity 130378K, committed 131496K, reserved 1163264K
  class space    used 15743K, capacity 17133K, committed 17328K, reserved 1048576K
}
Event: 6632.548 GC heap before
{Heap before GC invocations=29 (full 5):
 PSYoungGen      total 383488K, used 383202K [0x00000000d5580000, 0x00000000f4600000, 0x0000000100000000)
  eden space 334336K, 100% used [0x00000000d5580000,0x00000000e9c00000,0x00000000e9c00000)
  from space 49152K, 99% used [0x00000000ea580000,0x00000000ed538bd0,0x00000000ed580000)
  to   space 87040K, 0% used [0x00000000ef100000,0x00000000ef100000,0x00000000f4600000)
 ParOldGen       total 419840K, used 53797K [0x0000000080000000, 0x0000000099a00000, 0x00000000d5580000)
  object space 419840K, 12% used [0x0000000080000000,0x00000000834894d8,0x0000000099a00000)
 Metaspace       used 136561K, capacity 143981K, committed 144168K, reserved 1175552K
  class space    used 17012K, capacity 18449K, committed 18480K, reserved 1048576K
Event: 6632.576 GC heap after
Heap after GC invocations=29 (full 5):
 PSYoungGen      total 408064K, used 56620K [0x00000000d5580000, 0x00000000f4200000, 0x0000000100000000)
  eden space 325120K, 0% used [0x00000000d5580000,0x00000000d5580000,0x00000000e9300000)
  from space 82944K, 68% used [0x00000000ef100000,0x00000000f284b1b0,0x00000000f4200000)
  to   space 89600K, 0% used [0x00000000e9300000,0x00000000e9300000,0x00000000eea80000)
 ParOldGen       total 419840K, used 53813K [0x0000000080000000, 0x0000000099a00000, 0x00000000d5580000)
  object space 419840K, 12% used [0x0000000080000000,0x000000008348d4d8,0x0000000099a00000)
 Metaspace       used 136561K, capacity 143981K, committed 144168K, reserved 1175552K
  class space    used 17012K, capacity 18449K, committed 18480K, reserved 1048576K
}
Event: 6634.603 GC heap before
{Heap before GC invocations=30 (full 5):
 PSYoungGen      total 408064K, used 381740K [0x00000000d5580000, 0x00000000f4200000, 0x0000000100000000)
  eden space 325120K, 100% used [0x00000000d5580000,0x00000000e9300000,0x00000000e9300000)
  from space 82944K, 68% used [0x00000000ef100000,0x00000000f284b1b0,0x00000000f4200000)
  to   space 89600K, 0% used [0x00000000e9300000,0x00000000e9300000,0x00000000eea80000)
 ParOldGen       total 419840K, used 53813K [0x0000000080000000, 0x0000000099a00000, 0x00000000d5580000)
  object space 419840K, 12% used [0x0000000080000000,0x000000008348d4d8,0x0000000099a00000)
 Metaspace       used 144337K, capacity 151889K, committed 151976K, reserved 1181696K
  class space    used 17889K, capacity 19357K, committed 19376K, reserved 1048576K
Event: 6634.690 GC heap after
Heap after GC invocations=30 (full 5):
 PSYoungGen      total 414720K, used 89586K [0x00000000d5580000, 0x00000000fb980000, 0x0000000100000000)
  eden space 325120K, 0% used [0x00000000d5580000,0x00000000d5580000,0x00000000e9300000)
  from space 89600K, 99% used [0x00000000e9300000,0x00000000eea7c9b0,0x00000000eea80000)
  to   space 131072K, 0% used [0x00000000f3980000,0x00000000f3980000,0x00000000fb980000)
 ParOldGen       total 419840K, used 128973K [0x0000000080000000, 0x0000000099a00000, 0x00000000d5580000)
  object space 419840K, 30% used [0x0000000080000000,0x0000000087df37f8,0x0000000099a00000)
 Metaspace       used 144337K, capacity 151889K, committed 151976K, reserved 1181696K
  class space    used 17889K, capacity 19357K, committed 19376K, reserved 1048576K
}
Event: 6635.999 GC heap before
{Heap before GC invocations=31 (full 5):
 PSYoungGen      total 414720K, used 414706K [0x00000000d5580000, 0x00000000fb980000, 0x0000000100000000)
  eden space 325120K, 100% used [0x00000000d5580000,0x00000000e9300000,0x00000000e9300000)
  from space 89600K, 99% used [0x00000000e9300000,0x00000000eea7c9b0,0x00000000eea80000)
  to   space 131072K, 0% used [0x00000000f3980000,0x00000000f3980000,0x00000000fb980000)
 ParOldGen       total 419840K, used 128973K [0x0000000080000000, 0x0000000099a00000, 0x00000000d5580000)
  object space 419840K, 30% used [0x0000000080000000,0x0000000087df37f8,0x0000000099a00000)
 Metaspace       used 145454K, capacity 153339K, committed 153512K, reserved 1183744K
  class space    used 18032K, capacity 19566K, committed 19632K, reserved 1048576K
Event: 6636.104 GC heap after
Heap after GC invocations=31 (full 5):
 PSYoungGen      total 477184K, used 123323K [0x00000000d5580000, 0x00000000fe400000, 0x0000000100000000)
  eden space 346112K, 0% used [0x00000000d5580000,0x00000000d5580000,0x00000000ea780000)
  from space 131072K, 94% used [0x00000000f3980000,0x00000000fb1eed80,0x00000000fb980000)
  to   space 149504K, 0% used [0x00000000ea780000,0x00000000ea780000,0x00000000f3980000)
 ParOldGen       total 419840K, used 128981K [0x0000000080000000, 0x0000000099a00000, 0x00000000d5580000)
  object space 419840K, 30% used [0x0000000080000000,0x0000000087df57f8,0x0000000099a00000)
 Metaspace       used 145454K, capacity 153339K, committed 153512K, reserved 1183744K
  class space    used 18032K, capacity 19566K, committed 19632K, reserved 1048576K
}

Deoptimization events (10 events):
Event: 6636.223 Thread 0x000000001f4ee800 Uncommon trap: reason=unstable_if action=reinterpret pc=0x00000000049d4048 method=java.io.ObjectOutputStream$BlockDataOutputStream.write([BIIZ)V @ 9
Event: 6636.224 Thread 0x000000001f4ee800 Uncommon trap: reason=unstable_if action=reinterpret pc=0x0000000004a883d0 method=java.io.ObjectOutputStream$BlockDataOutputStream.writeBlockHeader(I)V @ 4
Event: 6636.251 Thread 0x000000001f4ec800 Uncommon trap: reason=unstable_if action=reinterpret pc=0x0000000005f6e498 method=java.util.HashMap.computeIfAbsent(Ljava/lang/Object;Ljava/util/function/Function;)Ljava/lang/Object; @ 271
Event: 6636.400 Thread 0x000000001f4ec800 Uncommon trap: reason=unstable_if action=reinterpret pc=0x0000000003507454 method=java.util.HashMap.getNode(ILjava/lang/Object;)Ljava/util/HashMap$Node; @ 84
Event: 6636.400 Thread 0x000000001f4ec800 Uncommon trap: reason=unstable_if action=reinterpret pc=0x00000000034fcc78 method=java.util.HashMap.putVal(ILjava/lang/Object;Ljava/lang/Object;ZZ)Ljava/lang/Object; @ 109
Event: 6636.401 Thread 0x000000001f4ec800 Uncommon trap: reason=unstable_if action=reinterpret pc=0x0000000003722774 method=java.util.HashMap.getNode(ILjava/lang/Object;)Ljava/util/HashMap$Node; @ 84
Event: 6636.441 Thread 0x000000001f4ee800 Uncommon trap: reason=unstable_if action=reinterpret pc=0x000000000657c068 method=java.util.TimSort.countRunAndMakeAscending([Ljava/lang/Object;IILjava/util/Comparator;)I @ 27
Event: 6636.516 Thread 0x000000001f4eb800 Uncommon trap: reason=unstable_if action=reinterpret pc=0x0000000006962e74 method=java.util.concurrent.ConcurrentHashMap.computeIfAbsent(Ljava/lang/Object;Ljava/util/function/Function;)Ljava/lang/Object; @ 281
Event: 6636.528 Thread 0x000000001f4ef800 Uncommon trap: reason=unstable_if action=reinterpret pc=0x0000000005a2c918 method=com.android.tools.r8.dex.m.a([Lcom/android/tools/r8/code/t1;Lcom/android/tools/r8/graph/H0;Lcom/android/tools/r8/dex/i;)V @ 186
Event: 6636.606 Thread 0x000000001f4ee800 Uncommon trap: reason=uninitialized action=reinterpret pc=0x00000000055d8ddc method=com.android.tools.r8.graph.h0.a(Lcom/android/tools/r8/graph/f0;)Lcom/android/tools/r8/graph/h0; @ 135

Classes redefined (0 events):
No events

Internal exceptions (10 events):
Event: 6635.927 Thread 0x000000001f4eb800 Exception <a 'sun/nio/fs/WindowsException'> (0x00000000e7067bb0) thrown at [C:\src\AOSP-openjdk-git\hotspot\src\share\vm\prims\jni.cpp, line 710]
Event: 6635.938 Thread 0x000000001ff05000 Exception <a 'sun/nio/fs/WindowsException'> (0x00000000e7632dd8) thrown at [C:\src\AOSP-openjdk-git\hotspot\src\share\vm\prims\jni.cpp, line 710]
Event: 6635.957 Thread 0x000000001d532800 Exception <a 'sun/nio/fs/WindowsException'> (0x00000000e7d10aa0) thrown at [C:\src\AOSP-openjdk-git\hotspot\src\share\vm\prims\jni.cpp, line 710]
Event: 6636.150 Thread 0x000000001f4ee800 Exception <a 'sun/nio/fs/WindowsException'> (0x00000000d6bb02d0) thrown at [C:\src\AOSP-openjdk-git\hotspot\src\share\vm\prims\jni.cpp, line 710]
Event: 6636.259 Thread 0x000000001f4e8800 Exception <a 'sun/nio/fs/WindowsException'> (0x00000000d99e42e8) thrown at [C:\src\AOSP-openjdk-git\hotspot\src\share\vm\prims\jni.cpp, line 710]
Event: 6636.312 Thread 0x000000001ff06800 Exception <a 'sun/nio/fs/WindowsException'> (0x00000000db3fec98) thrown at [C:\src\AOSP-openjdk-git\hotspot\src\share\vm\prims\jni.cpp, line 710]
Event: 6636.429 Thread 0x000000001f4e6000 Exception <a 'sun/nio/fs/WindowsException'> (0x00000000df126780) thrown at [C:\src\AOSP-openjdk-git\hotspot\src\share\vm\prims\jni.cpp, line 710]
Event: 6636.450 Thread 0x000000001f4ee800 Exception <a 'sun/nio/fs/WindowsException'> (0x00000000df946600) thrown at [C:\src\AOSP-openjdk-git\hotspot\src\share\vm\prims\jni.cpp, line 710]
Event: 6636.519 Thread 0x000000001f4ee800 Exception <a 'sun/nio/fs/WindowsException'> (0x00000000e22e0930) thrown at [C:\src\AOSP-openjdk-git\hotspot\src\share\vm\prims\jni.cpp, line 710]
Event: 6636.532 Thread 0x000000001f4ef800 Exception <a 'sun/nio/fs/WindowsException'> (0x00000000e2794f70) thrown at [C:\src\AOSP-openjdk-git\hotspot\src\share\vm\prims\jni.cpp, line 710]

Events (10 events):
Event: 6636.528 Thread 0x000000001f4ef800 Uncommon trap: trap_request=0xffffff65 fr.pc=0x0000000005a2c918
Event: 6636.528 Thread 0x000000001f4ef800 DEOPT PACKING pc=0x0000000005a2c918 sp=0x000000002a2eaf00
Event: 6636.528 Thread 0x000000001f4ef800 DEOPT UNPACKING pc=0x0000000002b9557b sp=0x000000002a2eaee0 mode 2
Event: 6636.533 Thread 0x000000001f4ec800 DEOPT PACKING pc=0x0000000006d55eaa sp=0x00000000299eadf0
Event: 6636.533 Thread 0x000000001f4ec800 DEOPT UNPACKING pc=0x0000000002b975d0 sp=0x00000000299eacd8 mode 0
Event: 6636.602 Executing VM operation: ForceSafepoint
Event: 6636.603 Executing VM operation: ForceSafepoint done
Event: 6636.606 Thread 0x000000001f4ee800 Uncommon trap: trap_request=0xffffffb5 fr.pc=0x00000000055d8ddc
Event: 6636.606 Thread 0x000000001f4ee800 DEOPT PACKING pc=0x00000000055d8ddc sp=0x0000000029ceaac0
Event: 6636.606 Thread 0x000000001f4ee800 DEOPT UNPACKING pc=0x0000000002b9557b sp=0x0000000029ceaa10 mode 2


Dynamic libraries:
0x00007ff69f9f0000 - 0x00007ff69fa21000 	C:\Program Files\Android\Android Studio\jre\bin\java.exe
0x00007fff1f620000 - 0x00007fff1f810000 	C:\Windows\SYSTEM32\ntdll.dll
0x00007fff1f090000 - 0x00007fff1f142000 	C:\Windows\System32\KERNEL32.DLL
0x00007fff1c730000 - 0x00007fff1c9d5000 	C:\Windows\System32\KERNELBASE.dll
0x00007fff1e980000 - 0x00007fff1ea23000 	C:\Windows\System32\ADVAPI32.DLL
0x00007fff1ea30000 - 0x00007fff1eace000 	C:\Windows\System32\msvcrt.dll
0x00007fff1eed0000 - 0x00007fff1ef67000 	C:\Windows\System32\sechost.dll
0x00007fff1ef70000 - 0x00007fff1f08f000 	C:\Windows\System32\RPCRT4.dll
0x00007fff1ecd0000 - 0x00007fff1ee64000 	C:\Windows\System32\USER32.dll
0x00007fff1cae0000 - 0x00007fff1cb01000 	C:\Windows\System32\win32u.dll
0x00007fff1f370000 - 0x00007fff1f396000 	C:\Windows\System32\GDI32.dll
0x00007fff1c590000 - 0x00007fff1c728000 	C:\Windows\System32\gdi32full.dll
0x00007fff1c9e0000 - 0x00007fff1ca7e000 	C:\Windows\System32\msvcp_win.dll
0x00007fff1d5d0000 - 0x00007fff1d6ca000 	C:\Windows\System32\ucrtbase.dll
0x00007fff0bfa0000 - 0x00007fff0c224000 	C:\Windows\WinSxS\amd64_microsoft.windows.common-controls_6595b64144ccf1df_6.0.18362.1440_none_9e7dbfb9e45e8e67\COMCTL32.dll
0x00007fff1e640000 - 0x00007fff1e976000 	C:\Windows\System32\combase.dll
0x00007fff1d490000 - 0x00007fff1d511000 	C:\Windows\System32\bcryptPrimitives.dll
0x00007fff1ebd0000 - 0x00007fff1ebfe000 	C:\Windows\System32\IMM32.DLL
0x0000000069780000 - 0x0000000069852000 	C:\Program Files\Android\Android Studio\jre\jre\bin\msvcr100.dll
0x0000000068be0000 - 0x000000006942b000 	C:\Program Files\Android\Android Studio\jre\jre\bin\server\jvm.dll
0x00007fff1eae0000 - 0x00007fff1eae8000 	C:\Windows\System32\PSAPI.DLL
0x00007fff14f10000 - 0x00007fff14f19000 	C:\Windows\SYSTEM32\WSOCK32.dll
0x00007fff1ddc0000 - 0x00007fff1de2f000 	C:\Windows\System32\WS2_32.dll
0x00007fff1a0b0000 - 0x00007fff1a0d4000 	C:\Windows\SYSTEM32\WINMM.dll
0x00007fff19d00000 - 0x00007fff19d2d000 	C:\Windows\SYSTEM32\WINMMBASE.dll
0x00007fff1afb0000 - 0x00007fff1afba000 	C:\Windows\SYSTEM32\VERSION.dll
0x00007fff1cb40000 - 0x00007fff1cb8a000 	C:\Windows\System32\cfgmgr32.dll
0x00007fff14f00000 - 0x00007fff14f0f000 	C:\Program Files\Android\Android Studio\jre\jre\bin\verify.dll
0x00007fff14ed0000 - 0x00007fff14ef9000 	C:\Program Files\Android\Android Studio\jre\jre\bin\java.dll
0x00007fff14eb0000 - 0x00007fff14ec6000 	C:\Program Files\Android\Android Studio\jre\jre\bin\zip.dll
0x00007fff1d6d0000 - 0x00007fff1ddb8000 	C:\Windows\System32\SHELL32.dll
0x00007fff1de30000 - 0x00007fff1ded7000 	C:\Windows\System32\shcore.dll
0x00007fff1cd10000 - 0x00007fff1d48b000 	C:\Windows\System32\windows.storage.dll
0x00007fff1c530000 - 0x00007fff1c54e000 	C:\Windows\System32\profapi.dll
0x00007fff1c4e0000 - 0x00007fff1c52a000 	C:\Windows\System32\powrprof.dll
0x00007fff1c4d0000 - 0x00007fff1c4e0000 	C:\Windows\System32\UMPDC.dll
0x00007fff1ee70000 - 0x00007fff1eec2000 	C:\Windows\System32\shlwapi.dll
0x00007fff1c550000 - 0x00007fff1c561000 	C:\Windows\System32\kernel.appcore.dll
0x00007fff1cb90000 - 0x00007fff1cba7000 	C:\Windows\System32\cryptsp.dll
0x00007fff0aea0000 - 0x00007fff0aeba000 	C:\Program Files\Android\Android Studio\jre\jre\bin\net.dll
0x00007fff1bcb0000 - 0x00007fff1bd17000 	C:\Windows\system32\mswsock.dll
0x00007fff0ae80000 - 0x00007fff0ae93000 	C:\Program Files\Android\Android Studio\jre\jre\bin\nio.dll
0x00007ffeff0e0000 - 0x00007ffeff106000 	C:\Users\Administrator\.gradle\native\31\windows-amd64\native-platform.dll
0x00007fff0c490000 - 0x00007fff0c49d000 	C:\Program Files\Android\Android Studio\jre\jre\bin\management.dll
0x00007fff1b830000 - 0x00007fff1b863000 	C:\Windows\system32\rsaenh.dll
0x00007fff1cb10000 - 0x00007fff1cb36000 	C:\Windows\System32\bcrypt.dll
0x00007fff1c3b0000 - 0x00007fff1c3d5000 	C:\Windows\SYSTEM32\USERENV.dll
0x00007fff1be80000 - 0x00007fff1be8c000 	C:\Windows\SYSTEM32\CRYPTBASE.dll
0x00007fff1b9c0000 - 0x00007fff1b9fa000 	C:\Windows\SYSTEM32\IPHLPAPI.DLL
0x00007fff1ead0000 - 0x00007fff1ead8000 	C:\Windows\System32\NSI.dll
0x00007fff16200000 - 0x00007fff16216000 	C:\Windows\SYSTEM32\dhcpcsvc6.DLL
0x00007fff16170000 - 0x00007fff1618c000 	C:\Windows\SYSTEM32\dhcpcsvc.DLL
0x00007fff1ba00000 - 0x00007fff1bacb000 	C:\Windows\SYSTEM32\DNSAPI.dll
0x00007fff0a5a0000 - 0x00007fff0a5be000 	C:\Users\Administrator\AppData\Local\Temp\native-platform5232458407062366975dir\native-platform.dll
0x00007fff1b510000 - 0x00007fff1b541000 	C:\Windows\SYSTEM32\ntmarta.dll

VM Arguments:
jvm_args: -Xmx2048m -Dfile.encoding=UTF-8 -Duser.country=CN -Duser.language=zh -Duser.variant 
java_command: org.gradle.launcher.daemon.bootstrap.GradleDaemon 6.1.1
java_class_path (initial): C:\Users\Administrator\.gradle\wrapper\dists\gradle-6.1.1-all\cfmwm155h49vnt3hynmlrsdst\gradle-6.1.1\lib\gradle-launcher-6.1.1.jar
Launcher Type: SUN_STANDARD

Environment Variables:
JAVA_HOME=C:\Program Files\Java\jdk1.8.0_221
PATH=C:\Program Files (x86)\Common Files\Oracle\Java\javapath;C:\Program Files (x86)\NVIDIA Corporation\PhysX\Common;C:\Windows\system32;C:\Windows;C:\Windows\System32\Wbem;C:\Windows\System32\WindowsPowerShell\v1.0\;C:\Windows\System32\OpenSSH\;C:\Program Files\Git\cmd;C:\Program Files\TortoiseSVN\bin;D:\flutterSDK\flutter\bin;C:\Program Files\Java\jdk1.8.0_221\bin;%ANDROID_SDK_HOME%\tools;C:\Users\Administrator\AppData\Local\Android\Sdk\ndk-bundle;C:\Program Files\nodejs\;C:\Users\Administrator\AppData\Local\Microsoft\WindowsApps;C:\Users\Administrator\AppData\Local\Programs\Fiddler;C:\Program Files\Java\jdk1.8.0_221\bin;C:\Program Files\Java\jdk1.8.0_221\jre\bin;C:\Users\Administrator\AppData\Roaming\npm;C:\Users\Administrator\AppData\Local\Android\Sdk\platform-tools;
USERNAME=Administrator
OS=Windows_NT
PROCESSOR_IDENTIFIER=Intel64 Family 6 Model 45 Stepping 7, GenuineIntel



---------------  S Y S T E M  ---------------

OS: Windows 10.0 , 64 bit Build 18362 (10.0.18362.1350)

CPU:total 12 (initial active 12) (6 cores per cpu, 2 threads per core) family 6 model 45 stepping 7, cmov, cx8, fxsr, mmx, sse, sse2, sse3, ssse3, sse4.1, sse4.2, popcnt, avx, aes, clmul, ht, tsc, tscinvbit, tscinv

Memory: 4k page, physical 16695572k(4262540k free), swap 16695572k(4116k free)

vm_info: OpenJDK 64-Bit Server VM (25.242-b01) for windows-amd64 JRE (1.8.0_242-release-1644-b01), built by "builder" with MS VC++ 10.0 (VS2010)

time: Thu Apr 01 11:02:37 2021
timezone: 中国标准时间
elapsed time: 6636 seconds (0d 1h 50m 36s)

